Using pre-set license
Built from '2020.3/china_unity/release' branch; Version is '2020.3.11f1c1 (77449f27ef9b) revision 7816351'; Using compiler version '192528614'; Build Type 'Release'
OS: 'Windows 10 Education; OS build 19045.2486; Version 2009; 64bit' Language: 'zh' Physical Memory: 16319 MB
BatchMode: 1, IsHumanControllingUs: 0, StartBugReporterOnCrash: 0, Is64bit: 1, IsPro: 0

 COMMAND LINE ARGUMENTS:
F:\Unity\2020.3.11f1c1\Editor\Unity.exe
-adb2
-batchMode
-noUpm
-name
AssetImportWorker0
-projectPath
G:/Project/ABBuildSystem/PackageSystem
-logFile
Logs/AssetImportWorker0.log
-srvPort
64756
Successfully changed project path to: G:/Project/ABBuildSystem/PackageSystem
G:/Project/ABBuildSystem/PackageSystem
Using Asset Import Pipeline V2.
Refreshing native plugins compatible for Editor in 26.68 ms, found 2 plugins.
Preloading 0 native plugins for Editor in 0.00 ms.
Initialize engine version: 2020.3.11f1c1 (77449f27ef9b)
[Subsystems] Discovering subsystems at path F:/Unity/2020.3.11f1c1/Editor/Data/Resources/UnitySubsystems
[Subsystems] Discovering subsystems at path G:/Project/ABBuildSystem/PackageSystem/Assets
GfxDevice: creating device client; threaded=0
Direct3D:
    Version:  Direct3D 11.0 [level 11.1]
    Renderer: NVIDIA GeForce GTX 1660 Ti (ID=0x2182)
    Vendor:   
    VRAM:     5991 MB
    Driver:   31.0.15.1694
Initialize mono
Mono path[0] = 'F:/Unity/2020.3.11f1c1/Editor/Data/Managed'
Mono path[1] = 'F:/Unity/2020.3.11f1c1/Editor/Data/MonoBleedingEdge/lib/mono/unityjit'
Mono config path = 'F:/Unity/2020.3.11f1c1/Editor/Data/MonoBleedingEdge/etc'
Using monoOptions --debugger-agent=transport=dt_socket,embedding=1,server=y,suspend=n,address=127.0.0.1:56080
Begin MonoManager ReloadAssembly
Registering precompiled unity dll's ...
Register platform support module: F:/Unity/2020.3.11f1c1/Editor/Data/PlaybackEngines/WindowsStandaloneSupport/UnityEditor.WindowsStandalone.Extensions.dll
Registered in 0.001625 seconds.
Native extension for WindowsStandalone target not found
Refreshing native plugins compatible for Editor in 35.17 ms, found 2 plugins.
Preloading 0 native plugins for Editor in 0.00 ms.
Mono: successfully reloaded assembly
- Completed reload, in  0.934 seconds
Platform modules already initialized, skipping
Registering precompiled user dll's ...
Registered in 0.002704 seconds.
Begin MonoManager ReloadAssembly
Native extension for WindowsStandalone target not found
Refreshing native plugins compatible for Editor in 0.37 ms, found 2 plugins.
Preloading 0 native plugins for Editor in 0.00 ms.
Mono: successfully reloaded assembly
- Completed reload, in  0.970 seconds
Platform modules already initialized, skipping
========================================================================
Worker process is ready to serve import requests
Launched and connected shader compiler UnityShaderCompiler.exe after 0.09 seconds
Refreshing native plugins compatible for Editor in 0.54 ms, found 2 plugins.
Preloading 0 native plugins for Editor in 0.00 ms.
Unloading 1401 Unused Serialized files (Serialized files now loaded: 0)
System memory in use before: 65.4 MB.
System memory in use after: 65.4 MB.

Unloading 18 unused Assets to reduce memory usage. Loaded Objects now: 1836.
Total: 2.015100 ms (FindLiveObjects: 0.178100 ms CreateObjectMapping: 0.034500 ms MarkObjects: 1.695200 ms  DeleteObjects: 0.105800 ms)

========================================================================
Received Import Request.
  path: Assets/Editor/Builder/Bundle/BundleItemInfo.cs
  artifactKey: Guid(cdb679c66843ddb45be505d7a8694211) Importer(815301076,1909f56bfc062723c751e8b465ee728b)
Start importing Assets/Editor/Builder/Bundle/BundleItemInfo.cs using Guid(cdb679c66843ddb45be505d7a8694211) Importer(815301076,1909f56bfc062723c751e8b465ee728b)  -> (artifact id: 'c549c272292a352cf7244dd67cf710ed') in 0.043344 seconds
  Import took 0.047461 seconds .

========================================================================
Received Import Request.
  Time since last request: 0.000648 seconds.
  path: Assets/Editor/Builder/Bundle/BuildSetting.cs
  artifactKey: Guid(4139ee7d23bf2e04bb1141a51beca276) Importer(815301076,1909f56bfc062723c751e8b465ee728b)
Start importing Assets/Editor/Builder/Bundle/BuildSetting.cs using Guid(4139ee7d23bf2e04bb1141a51beca276) Importer(815301076,1909f56bfc062723c751e8b465ee728b)  -> (artifact id: '1ee2c41bb1806f73693e50c593c64910') in 0.008861 seconds
  Import took 0.015801 seconds .

========================================================================
Received Import Request.
  Time since last request: 0.000457 seconds.
  path: Assets/Editor/Builder/Bundle/BuildInAssetsProccesser.cs
  artifactKey: Guid(eb112e6a3d8e5f74892fe4c05753fae3) Importer(815301076,1909f56bfc062723c751e8b465ee728b)
Start importing Assets/Editor/Builder/Bundle/BuildInAssetsProccesser.cs using Guid(eb112e6a3d8e5f74892fe4c05753fae3) Importer(815301076,1909f56bfc062723c751e8b465ee728b)  -> (artifact id: '21e323d3f1b73c2c46833acfc8455636') in 0.026333 seconds
  Import took 0.031290 seconds .

AssetImportWorkerClient::OnTransportError - code=2 error=End of file
